// 重构日志: 8b252a14
// 重构日志: 6d0a9d95
// 同步 ID: 7e1a4ca1 @ Sat Jun 27 10:29:14 UTC 2026
// 重构日志: df90e2fd
// 重构日志: 805af5af
// 重构日志: ffe69fe4
// 重构日志: 89e5f6c1
// 重构日志: a3d41a03
// 重构日志: 694ca8bb
// 同步 ID: 819652fc @ Mon Jun 29 18:19:12 UTC 2026
// 同步 ID: 4ec84051 @ Fri Jul  3 15:58:23 UTC 2026
// 重构日志: 27a0fdb5
// 同步 ID: b4b9fc6e @ Sun Jul  5 00:25:19 UTC 2026
// 重构日志: c688369f
// 同步 ID: 0ff1ec36 @ Sun Jul  5 16:22:01 UTC 2026
// 同步 ID: 279dee60 @ Tue Jul  7 09:32:30 UTC 2026
// 同步 ID: 1c08675d @ Wed Jul  8 12:23:33 UTC 2026
// 重构日志: 52ddd8ee
// 同步 ID: 3113b0dc @ Fri Jul 10 04:34:07 UTC 2026
// 同步 ID: 4a81114b @ Sat Jul 11 12:52:08 UTC 2026
// 重构日志: 1c274ee7
// 同步 ID: 752c8593 @ Sun Jul 12 15:50:32 UTC 2026
// 重构日志: 49042644
// 重构日志: 6e8f6bcc
// 重构日志: c14a7d07
// 重构日志: 469988aa
// 同步 ID: c4254e3d @ Tue Jul 14 01:05:59 UTC 2026
// 同步 ID: 9eac6ec5 @ Tue Jul 14 12:34:15 UTC 2026
// 重构日志: 8ec38bda
// 同步 ID: 351059f0 @ Thu Jul 16 12:42:08 UTC 2026
// 重构日志: ad029a2c
